
CRUSH-SUGWG-OSG-10-5-182-234

/srv

MaxHosts = 1
CanUseLinux6 = true
CanUseLinux7 = false
User = "ckoch5@chtc.wisc.edu"
EncryptExecuteDirectory = false
TransferSocket = "<128.104.101.92:9618?addrs=128.104.101.92-9618+[2607-f388-107c-501-a036-9fff-fe3c-caa8]-9618&noUDP&sock=217447_d523_195760>"
OnExitHold = ( ExitBySignal == true ) || ( ExitCode != 0 )
CoreSize = 0
MachineAttrCpus0 = 1
WantRemoteSyscalls = false
MyType = "Job"
Rank = 0.0
CumulativeSuspensionTime = 0
MinHosts = 1
PeriodicHold = false
PeriodicRemove = false
Err = "_condor_stderr"
ProcId = 0
EnteredCurrentStatus = 1510268130
JOBGLIDEIN_ResourceName = "SU-OG-CE"
UserLog = "/home/ckoch5/tests/osg_gpus/cpu.53197105.0.log"
ShadowIpAddr = "<128.104.101.92:9618?addrs=128.104.101.92-9618+[2607-f388-107c-501-a036-9fff-fe3c-caa8]-9618&noUDP&sock=217447_d523_195760>"
NumJobStarts = 0
AutoClusterAttrs = "JobUniverse,LastCheckpointPlatform,NumCkpts,ImageSize,MemoryRequirements,User,RemoteGroup,SubmitterGroup,SubmitterUserPrio,ConcurrencyLimits,NiceUser,Rank,Requirements,_condor_RequestCpus,_condor_RequestDisk,_condor_Requestmd5,_condor_RequestMemory,_condor_Requestscratch,_condor_Requestshm,_condor_Requestsingle,IsCHTCSubmit,RequestCpus,RequestDisk,Requestmd5,RequestMemory,Requestscratch,Requestshm,Requestsingle,WantJobRouter,MachineLastMatchTime,FloForwardStream,FloNRT,OWNER,DESIRED_Sites,is_itb,estimated_run_hours,ProjectName,RequestGpus,RequiresCVMFS,WantGlidein,CheckpointPlatform,WithinResourceLimits,DynamicSlot,Slot1_SelfMonitorAge,Slot1_TotalTimeClaimedBusy,PartitionableSlot,Group,Slot1_TotalTimeUnclaimedIdle,HAS_CVMFS_singularity_opensciencegrid_org,_condor_RequestGPUs,HAS_CVMFS_stash_osgstorage_org,is_icecube_job,BIOCHEM,ClientMachine,OriginSchedd,GlideinFactory,WantElVer,AccountingGroup,is_resumable,WantFlocking,_condor_RequestIoHeavy,RequestIoHeavy,Scheduler,IsResumable,WHEN_TO_TRANSFER_OUTPUT,IsBuildJob,IsMatlabBuildJob,IsExpressQueueJob,DiskUsage,HEP_VO,IsDesktop,OSG_VO,x509UserProxyVOName,PassedTest,IsLocalCMSJob,IsLocalCMSSlot,MaxDiskTempC,IsDedicated,IsSAMJob,JobStart,WIDsTheme,InteractiveJob,EXECUTE_IS_READONLY,ROOT_PART_GT_85_PERCENT,TotalJobRunTime,HAS_CVMFS_oasis_opensciencegrid_org,HAS_FILE_usr_lib64_libXt_so_6,HAS_MODULES,FileSystemDomain"
JobUniverse = 5
AutoClusterId = 3624
ProjectName = "GLOW"
In = "/dev/null"
Requirements = ( ( Target.OpSysMajorVer == 6 ) || ( Target.OpSysMajorVer == 7 ) ) && ( OpSysName =!= "Debian" ) && ( HAS_SINGULARITY == true && ( Poolname =!= "CHTC" ) ) && ( TARGET.Arch == "X86_64" ) && ( TARGET.OpSys == "LINUX" ) && ( TARGET.Disk >= RequestDisk ) && ( TARGET.Memory >= RequestMemory ) && ( ( TARGET.HasFileTransfer ) || ( TARGET.FileSystemDomain == MY.FileSystemDomain ) )
ClusterId = 53197105
CumulativeRemoteUserCpu = 0.0
PublicClaimId = "<10.5.182.234:42230>#1510267110#1#..."
ProvisionedResources = "Cpus Memory Disk Swap"
NumJobCompletions = 0
WhenToTransferOutput = "ON_EXIT"
LastMatchTime = 1510268130
CompletionDate = 0
UidDomain = "chtc.wisc.edu"
BufferSize = 524288
Environment = ""
StartdPrincipal = "execute-side@matchsession/128.230.18.42"
CpusProvisioned = 1
TargetType = "Machine"
LeaveJobInQueue = false
JobNotification = 0
Owner = "ckoch5"
CondorPlatform = "$CondorPlatform: x86_64_RedHat6 $"
CommittedTime = 0
QDate = 1510268082
JobLeaseDuration = 2400
TransferIn = false
ExitStatus = 0
IsCHTCSubmit = true
StartdIpAddr = "<10.5.182.234:42230?CCBID=128.104.100.30:9627%3faddrs%3d128.104.100.30-9627#3926119&addrs=10.5.182.234-42230&noUDP>"
RootDir = "/"
NumJobMatches = 1
JobCurrentStartDate = 1510268130
CurrentHosts = 1
GlobalJobId = "submit-5.chtc.wisc.edu#53197105.0#1510268082"
RemoteSysCpu = 0.0
TotalSuspensions = 0
WantCheckpoint = false
LastJobLeaseRenewal = 1510268130
LastRejMatchTime = 1510268130
TransferInput = "test.py"
PeriodicRelease = false
NumCkpts_RAW = 0
CondorVersion = "$CondorVersion: 8.7.5 Oct 30 2017 BuildID: 422923 $"
Out = "_condor_stdout"
ShouldTransferFiles = "IF_NEEDED"
DiskUsage = 4
JobRunCount = 1
CumulativeSlotTime = 0
CommittedSlotTime = 0
SingularityImage = "/cvmfs/singularity.opensciencegrid.org/opensciencegrid/tensorflow:latest"
LocalUserCpu = 0.0
WinVer = 601
RemotePool = "glidein2.chtc.wisc.edu"
JobStartDate = 1510268130
ExitBySignal = false
StreamErr = false
NumSystemHolds = 0
NumRestarts = 0
RequestDisk = 4194304
OrigMaxHosts = 1
FileSystemDomain = "submit-5.chtc.wisc.edu"
JobPrio = 0
NumCkpts = 0
BufferBlockSize = 32768
ImageSize = 1
DiskUsage_RAW = 4
RemoteHost = "glidein_2_34447220@CRUSH-SUGWG-OSG-10-5-182-234"
CommittedSuspensionTime = 0
Cmd = "/home/ckoch5/tests/osg_gpus/job-cpu.sh"
Iwd = "/var/lib/condor/execute/dir_11705/glide_JHEsFl/execute/dir_14374"
WantGlidein = true
LocalSysCpu = 0.0
TransferInputSizeMB = 0
MemoryProvisioned = 2500
ShadowVersion = "$CondorVersion: 8.7.5 Oct 30 2017 BuildID: 422923 $"
LastRejMatchReason = "no match found "
LastSuspensionTime = 0
ExecutableSize_RAW = 1
OrigCmd = "/home/ckoch5/tests/osg_gpus/job-cpu.sh"
OrigIwd = "/home/ckoch5/tests/osg_gpus"
CumulativeRemoteSysCpu = 0.0
DiskProvisioned = 185023240
JobStatus = 2
ExecutableSize = 1
ShadowBday = 1510268130
MachineAttrSlotWeight0 = 1
ImageSize_RAW = 1
RemoteWallClockTime = 0.0
OnExitRemove = true
TotalSubmitProcs = 1
Arguments = ""
RemoteSlotID = 1
StreamOut = false
RequestMemory = 2048
RemoteUserCpu = 0.0
NiceUser = false
NumShadowStarts = 1
RequestCpus = 1
MyAddress = "<128.104.101.92:9618?addrs=128.104.101.92-9618+[2607-f388-107c-501-a036-9fff-fe3c-caa8]-9618&noUDP&sock=217447_d523_195760>"
WantRemoteIO = true
LastJobStatus = 1

WANT_VACATE = true
OSG_SINGULARITY_EL7_PERCENT = 100
HAS_FILE_usr_lib64_libgmp_so_3 = false
HasReconnect = true
SLOTS_LAYOUT = "fixed"
SUSPEND = false
has_ssse3 = true
HAS_MONITOR_VM = true
UtsnameNodename = "CRUSH-SUGWG-OSG-10-5-182-234"
MyAddress = "<10.5.182.234:42230?CCBID=128.104.100.30:9627%3faddrs%3d128.104.100.30-9627#3926119&PrivNet=CRUSH-SUGWG-OSG-10-5-182-234&addrs=10.5.182.234-42230&noUDP>"
HasJobDeferral = true
HOLD_GRACE_TIME = 0
GLIDEIN_Job_Max_Time = 34800
GLIDEIN_Country = "US"
GLIDEIN_Glexec_Use = "NEVER"
MJF_JOB_WALL_LIMIT_SECS = "Unknown"
GLIDEIN_REQUIRE_VOMS = false
ClockDay = 4
RunBenchmarks = ( LastBenchmark == 0 ) || ( ( CurrentTime - LastBenchmark ) >= ( 4 * ( 60 * 60 ) ) )
IsValidCheckpointPlatform = ( TARGET.JobUniverse =!= 1 || ( ( MY.CheckpointPlatform =!= undefined ) && ( ( TARGET.LastCheckpointPlatform =?= MY.CheckpointPlatform ) || ( TARGET.NumCkpts == 0 ) ) ) )
Unhibernate = MY.MachineLastMatchTime =!= undefined
USE_CCB = "True"
GLIDEIN_Description_Entry_File = "description.hb650H.cfg"
MonitorSelfImageSize = 113492
CVMFS_oasis_opensciencegrid_org_REVISION = 8214
Arch = "X86_64"
CurrentRank = 4.0
Site_Req_Explicit_Auth = "False"
HAS_CVMFS_cms_cern_ch = true
GLEXEC_STARTER = false
CanHibernate = false
OSGVO_OS_STRING = "RHEL 7"
GLIDEIN_Gatekeeper = "its-condor-ce.syr.edu its-condor-ce.syr.edu:9619"
GLIDEIN_Schedd = "schedd_glideins9@gfactory-1.t2.ucsd.edu"
HAS_TCSH = true
CVMFS_atlas_cern_ch_REVISION = 29468
OSglibc_minor = 17
LastBenchmark = 1510267124
HAS_BLAST = false
GLIDEIN_COLLECTOR_NAME = "glidein2.chtc.wisc.edu:9627"
Name = "glidein_2_34447220@CRUSH-SUGWG-OSG-10-5-182-234"
GLIDECLIENT_ReqNode = "gfactory-1.t2.ucsd.edu"
IS_MONITOR_VM = false
LastFetchWorkSpawned = 0
HAS_CVMFS_veritas_opensciencegrid_org = true
MJF_LAST = "/var/lib/condor/execute/dir_11705/glide_JHEsFl/main/mjf_setparams.sh"
GLIDEIN_SiteWMS_Queue = "its-condor-ce.syr.edu"
CVMFS_oasis_opensciencegrid_org_TIMESTAMP = 1509563791
GLIDEIN_ResourceName = "SU-OG-CE"
RemoteOwner = "ckoch5@chtc.wisc.edu"
GLIDEIN_PARENT_PID = 7048
UtsnameSysname = "Linux"
GLIDEIN_PS_LAST_END = 1510268080
HardwareAddress = "00:15:5d:33:66:17"
GLIDEIN_ProcId = 14
MyType = "Machine"
CONTINUE = true
GLIDEIN_Signature = "743aa9c0da53834c422b1d1966ea194b3e648cca"
HAS_CVMFS_stash_osgstorage_org = true
RecentJobUserPrioPreemptions = 0
IsOwner = false
LastUpdate = 1510267124
MJF_JOB_JOB_ID = "Unknown"
TotalTimeUnclaimedIdle = 1009
TotalMemory = 2500
HibernationSupportedStates = ""
GLIDECLIENT_Name = "chtc2.main"
SlotID = 1
HAS_FILE_usr_lib64_atlas_libptf77blas_so_3 = false
SiteWMS_WN_Preempt = false
RecentJobPreemptions = 0
OSGVO_OS_KERNEL = "3.10.0-693.5.2.el7.x86_64"
HAS_FILE_usr_lib64_atlas_libatlas_so_3 = false
MJF_LAST_END = 1510268131
GLIDEIN_ClusterId = 6309699
R_VERSION = "R version 3.4.1 (2017-06-30) -- Single Candle"
GLIDEIN_REQUIRED_OS = "rhel7"
GLIDEIN_SiteWMS = "HTCondor"
GLIDEIN_Max_Idle = 1200
DetectedMemory = 42648
GLIDECLIENT_Group = "main"
PREEMPT = ( ( ( false ) || ( false ) || ( false ) || ( false ) ) || ( ( false ) || ( false ) || ( false ) || ( false ) || ( SiteWMS_WN_Preempt =?= true ) ) )
HasMPI = true
RemoteUser = "ckoch5@chtc.wisc.edu"
GLIDEIN_Graceful_Shutdown = 120
GLIDEIN_SiteWMS_JobId = "7332967.0"
HAS_SCP = true
HasVM = false
HAS_CVMFS_xenon_opensciencegrid_org = true
OpSysLongName = "\"Singularity Container - CentOS 7\""
HAS_TIMEOUT = true
slot1_ExpectedMachineGracefulDrainingCompletion = 1510267110
MATLAB_COMPATIBLE = HAS_MODULES && HAS_FILE_usr_lib64_libXt_so_6
slot1_Activity = "Idle"
GUC_VERIFIED = false
MJF_JOB_HS06_JOB = "Unknown"
RecentDaemonCoreDutyCycle = 0.0004585836469034321
JobRankPreemptions = 0
ExpectedMachineQuickDrainingBadput = 0
ExecutableSize = 1
Machine = "CRUSH-SUGWG-OSG-10-5-182-234"
GCB_ORDER = "NONE"
HAS_FILE_usr_lib64_libgslcblas_so_0 = true
TotalVirtualMemory = 47733888
OSG_NODE_VALIDATED = true
RecentJobStarts = 0
DetectedCpus = 24
JOB_INHERITS_STARTER_ENVIRONMENT = true
MJF_OK = true
HAS_FILE_usr_lib64_libgfortran_so_3 = true
GLIDEIN_Max_Walltime = 171000
HAS_FILE_lib64_libgcc_s_so_1 = true
Rank = ( 1 ) + ( 1 ) + ( 1 ) + ( 1 )
GLIDEIN_ToRetire = 1510315165
JobUniverse = 5
Mips = 13809
TimeToLive = 2147483647
SubnetMask = "255.255.128.0"
SQUID_VERIFIED = true
PYTHON_VERSION = "2.7.5"
CpuBusyTime = 1023
GLEXEC_JOB = false
TotalSlotDisk = 185314288.0
HAS_FILE_usr_lib64_libXm_so_4 = false
CVMFS_veritas_opensciencegrid_org_REVISION = 8
SlotTypeID = 1
slot1_State = "Claimed"
ClientMachine = "submit-5.chtc.wisc.edu"
HAS_CVMFS_ams_cern_ch = true
RemoteAutoregroup = false
OSglibc_major = 2
HAS_R = true
GLIDEIN_Max_Tail = 400
MJF_LastUpdate = 1510268131
CpuBusy = ( ( LoadAvg - CondorLoadAvg ) >= 0.5 )
SlotType = "Static"
LoadAvg = 1.41
GLIDEIN_Expose_Grid_Env = "True"
GLIDEIN_Req_MUPJ_gLExec = "False"
HAS_CVMFS_spt_opensciencegrid_org = true
GLIDEIN_REQUIRE_GLEXEC_USE = false
CpuIsBusy = true
HAS_FILE_usr_lib64_libXdmcp_so_6 = false
RecentJobRankPreemptions = 0
GLIDEIN_GridType = "condor"
IsWakeAble = false
PublicClaimId = "<10.5.182.234:42230>#1510267110#1#..."
Activity = "Idle"
OSglibc_micro = 0
HAS_FILE_usr_lib64_libXmu_so_6 = true
MaxJobRetirementTime = ifthenelse(( ( ( false ) || ( false ) || ( false ) || ( false ) ) ) =!= true,ifthenelse(( SiteWMS_WN_Preempt =?= true ),1200,10000000),0)
CondorVersion = "$CondorVersion: 8.4.8 Jun 30 2016 BuildID: 373513 $"
TotalSlots = 1
MonitorSelfAge = 961
HAS_FILE_lib64_libglib_2_0_so_0 = true
CVMFS_ams_cern_ch_REVISION = 681
OpSysName = "\"CentOS\""
HAS_MODULES = true
CVMFS_icecube_opensciencegrid_org_REVISION = 412
FactoryType = "production"
OSIssue = "\S"
TotalDisk = 185023320
TotalCondorLoadAvg = 0.0
GPUDetection = "No GPUs detected"
MJF_JOB_SHUTDOWNTIME_JOB = "Unknown"
COLLECTOR_HOST_STRING = "glidein2.chtc.wisc.edu:9627,its-condor-ce.syr.edu:9619"
MyCurrentTime = 1510267110
UtsnameVersion = "#1 SMP Thu Oct 19 10:13:14 CDT 2017"
MJF_MACHINE_TOTAL_CPU = "Unknown"
GLIDEIN_X509_GRIDMAP_DNS = "/DC=org/DC=opensciencegrid/O=Open Science Grid/OU=Services/CN=glidein/glidein2.chtc.wisc.edu,/DC=org/DC=opensciencegrid/O=Open Science Grid/OU=Services/CN=pilot/glidein2.chtc.wisc.edu"
IsLocalStartd = false
WANT_SUSPEND_VANILLA = false
JobStarts = 0
GLIDEIN_CMSSite = "T3_US_OSG"
TotalTimeUnclaimedBenchmarking = 14
USES_MONITOR_STARTD = true
PERIODIC_CHECKPOINT = ( ( time() - LastPeriodicCheckpoint ) / 60.0 ) > ( 180.0 + 11 )
HAS_FILE_usr_lib64_libglib_2_0_so = true
HAS_XRDCP = true
GLIDEIN_Entry_Name = "Glow_US_Syracuse_condor"
GLIDEIN_SiteWMS_Slot = "slot1_8@CRUSH-SUGWG-OSG-10-5-182-234"
CLAIM_WORKLIFE = ifThenElse(DynamicSlot =?= true,3600,-1)
TotalSlotCpus = 1
HAS_CVMFS_singularity_opensciencegrid_org = true
GUC_PATH = "/bin/globus-url-copy"
IsWakeOnLanSupported = false
OSGVO_OS_NAME = "RHEL"
OSGVO_OS_VERSION = "7"
HasTDP = true
HAS_FILE_usr_lib64_atlas_liblapack_so_3 = false
OpSysMajorVer = 7
LSB_RELEASE = "UNKNOWN"
MonitorSelfCPUUsage = 0.008342606732992568
OpSysLegacy = "LINUX"
ImageSize = 1
CVMFS_cms_cern_ch_REVISION = 43987
MJF_JOB_CPU_LIMIT_SECS = "Unknown"
GLIDEIN_PS_OK = true
GLIDEIN_Monitoring_Enabled = false
CVMFS_xenon_opensciencegrid_org_REVISION = 918
MJF_JOB_GRACE_SECS_JOB = "Unknown"
IS_GLIDEIN = true
GLIDECLIENT_Signature = "4cc36bee1f24f97d9b0d9232a9f892554a85112d"
OpSys = "LINUX"
WakeOnLanSupportedFlags = "NONE"
Disk = 185023320
GLIDECLIENT_Group_Signature = "d8a4c741f88d47edcc69969c5d556b3a96c9c277"
LastFetchWorkCompleted = 0
MonitorSelfSecuritySessions = 4
SUSPEND_VANILLA = false
TargetType = "Job"
GLIDEIN_Tmp_Dir = "/var/lib/condor/execute/dir_11705/glide_JHEsFl/tmp"
HAS_FILE_usr_lib64_libgsl_so_0 = true
TotalCpus = 1.0
StarterAbilityList = "HasTDP,HasFileTransferPluginMethods,HasJobDeferral,HasJICLocalConfig,HasJICLocalStdin,HasPerFileEncryption,HasFileTransfer,HasReconnect,HasVM,HasMPI"
WANT_SUSPEND = false
ClockMin = 1075
TotalVirtualMachines = 1
MonitorSelfResidentSetSize = 9764
OpSysAndVer = "\"CentOS7\""
SiteWMS_WN_Draining = false
CVMFS_nexo_opensciencegrid_org_REVISION = 12
HAS_SQUID = true
JobUserPrioPreemptions = 0
Requirements = ( START ) && ( IsValidCheckpointPlatform )
DaemonCoreDutyCycle = 0.0004585836469034321
IsWakeOnLanEnabled = false
GLIDEIN_Factory = "SDSC"
STARTD_JOB_ATTRS = ",x509userproxysubject,x509UserProxyFQAN,x509UserProxyVOName,x509UserProxyEmail,x509UserProxyExpiration,x509userproxysubject,x509UserProxyFQAN,x509UserProxyVOName,x509UserProxyEmail,x509UserProxyExpiration"
ExpectedMachineGracefulDrainingCompletion = 1510267110
slot1_TotalTimeUnclaimedIdle = 1009
KILL = ( CurrentTime - EnteredCurrentActivity > 300 )
HibernationLevel = 0
HAS_FILE_usr_lib64_libicuuc_so_42 = false
VirtualMemory = 47733888
CheckpointPlatform = "LINUX X86_64 3.10.0-693.5.2.el7.x86_64 normal N/A ssse3 sse4_1 sse4_2"
StartdIpAddr = "<10.5.182.234:42230?CCBID=128.104.100.30:9627%3faddrs%3d128.104.100.30-9627#3926119&PrivNet=CRUSH-SUGWG-OSG-10-5-182-234&addrs=10.5.182.234-42230&noUDP>"
GLIDEIN_Name = "gfactory_instance"
MonitorSelfRegisteredSocketCount = 2
MonitorSelfTime = 1510268070
MJF_JOB_SCRATCH_LIMIT_BYTES = "Unknown"
MachineResources = "Cpus Memory Disk Swap"
MJF_JOB_MAX_RSS_BYTES = "Unknown"
RemoteNegotiatingGroup = "<none>"
KeyboardIdle = 1023
GLIDEIN_PS_LAST = "/var/lib/condor/execute/dir_11705/glide_JHEsFl/client/osgvo-node-advertise"
CondorPlatform = "$CondorPlatform: x86_64_RedHat6 $"
GLIDEIN_CredentialIdentifier = "745540"
CVMFS_snoplus_egi_eu_REVISION = 82
MJF_JOB_ALLOCATED_CPU = "Unknown"
GLIDEIN_MaxMemMBs = 2500
RetirementTimeRemaining = 0
GLIDEIN_ToDie = 1510349965
SlotWeight = Cpus
State = "Claimed"
HasJICLocalConfig = true
HAS_SINGULARITY = true
slot1_JobStarts = 0
OSG_SINGULARITY_PATH = "/bin/singularity"
OSKernelRelease = "3.10.0-693.5.2.el7.x86_64"
START = ( true && ( SiteWMS_WN_Draining =?= false ) ) && ( ( true ) && ( true ) && ( ( ( DESIRED_Sites =?= undefined || stringListMember(GLIDEIN_Site,DESIRED_Sites,",") ) && ( GLIDEIN_Site =!= "CancerComputer" || TARGET.ProjectName =?= "MedPhysics_Fain" ) && ( TARGET.WantGlidein =?= true ) && ( isUndefined(TARGET.estimated_run_hours) || TARGET.estimated_run_hours * 3600 <= GLIDEIN_ToDie - CurrentTime ) ) && TARGET.RequiresCVMFS =!= true ) && ( isUndefined(TARGET.RequestGpus) && isUndefined(is_itb) ) ) && ( ( ( GLIDEIN_ToRetire =?= undefined ) || ( CurrentTime < GLIDEIN_ToRetire ) ) )
TotalLoadAvg = 1.41
UtsnameRelease = "3.10.0-693.5.2.el7.x86_64"
MachineMaxVacateTime = 10 * 60
MASTER_GCB_RECONNECT_TIMEOUT = 1200
OpSysVer = 700
GSI_DELEGATION_KEYBITS = 1024
HAS_ZIP = true
UtsnameMachine = "x86_64"
OSGVO_CPU_MODEL = "Intel(R) Xeon(R) CPU           X5650  @ 2.67GHz"
CVMFS_stash_osgstorage_org_REVISION = 7829
HasPerFileEncryption = true
Cpus = 1
GLIDEIN_Site = "SU-OG"
ConsoleIdle = 1023
HAS_CVMFS_snoplus_egi_eu = true
LSB_DISTRIBUTOR_ID = "UNKNOWN"
has_sse4_1 = true
TotalSlotMemory = 2500
GLIDEIN_Entry_Signature = "38d255362750ef03f061871c7b2b2b92f058da09"
CVMFS_spt_opensciencegrid_org_REVISION = 32
has_sse4_2 = true
GLIDEIN_Description_File = "description.hb650H.cfg"
GLIDEIN_MASTER_NAME = "glidein_2_34447220@CRUSH-SUGWG-OSG-10-5-182-234"
OSG_SINGULARITY_VERSION = "2.2.1"
KFlops = 1791011
CondorLoadAvg = 0.0
HibernationState = "NONE"
FileSystemDomain = "CRUSH-SUGWG-OSG-10-5-182-234"
HasFileTransferPluginMethods = "data"
EnteredCurrentState = 1510268133
UidDomain = "CRUSH-SUGWG-OSG-10-5-182-234"
ExpectedMachineGracefulDrainingBadput = 0
HAS_FILE_usr_lib64_libXt_so_6 = true
HasIOProxy = true
HAS_CVMFS_icecube_opensciencegrid_org = true
HAS_CVMFS_atlas_cern_ch = true
ExpectedMachineQuickDrainingCompletion = 1510267110
PrivateNetworkName = "CRUSH-SUGWG-OSG-10-5-182-234"
WakeOnLanEnabledFlags = "NONE"
EnteredCurrentActivity = 1510268133
HAS_CVMFS_nexo_opensciencegrid_org = true
HAS_NUMPY = true
HasJICLocalStdin = true
HAS_CVMFS_oasis_opensciencegrid_org = true
CVMFS_singularity_opensciencegrid_org_REVISION = 18416
JobPreemptions = 0
MJF_MACHINE_SHUTDOWNTIME = "Unknown"
OSG_SINGULARITY_IMAGE_DEFAULT = "/cvmfs/singularity.opensciencegrid.org/opensciencegrid/osgvo-el7:latest"
WGET_PATH = "/bin/wget"
Memory = 2500
VirtualMachineID = 1
HAS_JAVA = true
HAS_FILE_usr_lib64_libtk8_5_so = true
HAS_FILE_usr_lib64_libgtk_x11_2_0_so_0 = true
HAS_FILE_usr_lib64_libstdc___so_6 = true
LSB_DESCRIPTION = "UNKNOWN"
http_proxy = "10.5.0.41:3128"
MJF_MACHINE_GRACE_SECS = "Unknown"
AddressV1 = "{[ p=\"primary\"; a=\"10.5.182.234\"; port=42230; n=\"Internet\"; noUDP=true; ], [ p=\"IPv4\"; a=\"10.5.182.234\"; port=42230; n=\"CRUSH-SUGWG-OSG-10-5-182-234\"; noUDP=true; ], [ p=\"primary\"; a=\"128.104.100.30\"; port=9627; n=\"Internet\"; ccbid=\"3926119\"; noUDP=true; brokerIndex=0; ], [ p=\"IPv4\"; a=\"128.104.100.30\"; port=9627; n=\"Internet\"; ccbid=\"3926119\"; noUDP=true; brokerIndex=0; ], [ p=\"IPv4\"; a=\"10.5.182.234\"; port=42230; n=\"Internet\"; noUDP=true; ]}"
NextFetchWorkDelay = -1
NiceUser = false
PREEMPT_GRACE_TIME = ifthenelse(( SiteWMS_WN_Preempt =?= true ),1200,10000000)
WANT_HOLD = ( ( false ) || ( false ) || ( false ) || ( false ) )
NumPids = 0
MJF_MACHINE_HS06 = "Unknown"
OpSysShortName = "\"CentOS\""
MJF_JOB_JOBSTART_SECS = "Unknown"
MJF_JOB_MAX_SWAP_BYTES = "Unknown"
HasFileTransfer = true
