c4117.crane.hcc.unl.edu

/srv

LastJobStatus = 1
CommittedSlotTime = 0
DiskUsage = 4
EnteredCurrentStatus = 1510268130
BufferBlockSize = 32768
CumulativeSuspensionTime = 0
CompletionDate = 0
WantRemoteSyscalls = false
OrigMaxHosts = 1
CommittedSuspensionTime = 0
JobPrio = 0
MyType = "Job"
TotalSubmitProcs = 1
TransferInputSizeMB = 0
MinHosts = 1
ShadowBday = 1510268130
Requirements = ( ( Target.OpSysMajorVer == 6 ) || ( Target.OpSysMajorVer == 7 ) ) && ( OpSysName =!= "Debian" ) && ( HAS_SINGULARITY == true && CUDACapability >= 3 && ( Poolname =!= "CHTC" ) ) && ( TARGET.Arch == "X86_64" ) && ( TARGET.OpSys == "LINUX" ) && ( TARGET.Disk >= RequestDisk ) && ( TARGET.Memory >= RequestMemory ) && ( TARGET.gpus >= Requestgpus ) && ( ( TARGET.HasFileTransfer ) || ( TARGET.FileSystemDomain == MY.FileSystemDomain ) )
CumulativeSlotTime = 0
WantRemoteIO = true
NumCkpts = 0
ShouldTransferFiles = "IF_NEEDED"
CondorVersion = "$CondorVersion: 8.7.5 Oct 30 2017 BuildID: 422923 $"
LastRejMatchTime = 1510268130
DiskUsage_RAW = 4
RequestCpus = 1
AutoClusterAttrs = "JobUniverse,LastCheckpointPlatform,NumCkpts,ImageSize,MemoryRequirements,User,RemoteGroup,SubmitterGroup,SubmitterUserPrio,ConcurrencyLimits,NiceUser,Rank,Requirements,_condor_RequestCpus,_condor_RequestDisk,_condor_Requestmd5,_condor_RequestMemory,_condor_Requestscratch,_condor_Requestshm,_condor_Requestsingle,IsCHTCSubmit,RequestCpus,RequestDisk,Requestmd5,RequestMemory,Requestscratch,Requestshm,Requestsingle,WantJobRouter,MachineLastMatchTime,FloForwardStream,FloNRT,OWNER,DESIRED_Sites,is_itb,estimated_run_hours,ProjectName,RequestGpus,RequiresCVMFS,WantGlidein,CheckpointPlatform,WithinResourceLimits,DynamicSlot,Slot1_SelfMonitorAge,Slot1_TotalTimeClaimedBusy,PartitionableSlot,Group,Slot1_TotalTimeUnclaimedIdle,HAS_CVMFS_singularity_opensciencegrid_org,_condor_RequestGPUs,HAS_CVMFS_stash_osgstorage_org,is_icecube_job,BIOCHEM,ClientMachine,OriginSchedd,GlideinFactory,WantElVer,AccountingGroup,is_resumable,WantFlocking,_condor_RequestIoHeavy,RequestIoHeavy,Scheduler,IsResumable,WHEN_TO_TRANSFER_OUTPUT,IsBuildJob,IsMatlabBuildJob,IsExpressQueueJob,DiskUsage,HEP_VO,IsDesktop,OSG_VO,x509UserProxyVOName,PassedTest,IsLocalCMSJob,IsLocalCMSSlot,MaxDiskTempC,IsDedicated,IsSAMJob,JobStart,WIDsTheme,InteractiveJob,EXECUTE_IS_READONLY,ROOT_PART_GT_85_PERCENT,TotalJobRunTime,HAS_CVMFS_oasis_opensciencegrid_org,HAS_FILE_usr_lib64_libXt_so_6,HAS_MODULES,FileSystemDomain"
Iwd = "/scratch/glide_aHj5N4/execute/dir_8427"
User = "ckoch5@chtc.wisc.edu"
OrigIwd = "/home/ckoch5/tests/osg_gpus"
CumulativeRemoteSysCpu = 0.0
ExitStatus = 0
RemoteUserCpu = 0.0
OnExitRemove = true
NumRestarts = 0
EncryptExecuteDirectory = false
PeriodicRelease = false
ShadowVersion = "$CondorVersion: 8.7.5 Oct 30 2017 BuildID: 422923 $"
GpusProvisioned = 1
ShadowIpAddr = "<128.104.101.92:9618?addrs=128.104.101.92-9618+[2607-f388-107c-501-a036-9fff-fe3c-caa8]-9618&noUDP&sock=217447_d523_195761>"
TotalSuspensions = 0
Out = "_condor_stdout"
CoreSize = 0
CommittedTime = 0
LastMatchTime = 1510268130
ImageSize = 1
QDate = 1510268096
JOBGLIDEIN_ResourceName = "Crane"
Err = "_condor_stderr"
JobCurrentStartDate = 1510268130
UserLog = "/home/ckoch5/tests/osg_gpus/gpu.53197106.0.log"
OnExitHold = ( ExitBySignal == true ) || ( ExitCode != 0 )
TransferSocket = "<128.104.101.92:9618?addrs=128.104.101.92-9618+[2607-f388-107c-501-a036-9fff-fe3c-caa8]-9618&noUDP&sock=217447_d523_195761>"
AutoClusterId = 3625
Rank = 0.0
LastRejMatchReason = "no match found "
JobRunCount = 1
WhenToTransferOutput = "ON_EXIT"
PeriodicRemove = false
ExitBySignal = false
StreamOut = false
RemoteSlotID = 1
MemoryProvisioned = 2048
Owner = "ckoch5"
RemoteHost = "slot1_1@glidein_10729_597627072@c4117.crane.hcc.unl.edu"
NumCkpts_RAW = 0
StreamErr = false
CpusProvisioned = 1
UidDomain = "chtc.wisc.edu"
RequestMemory = 2048
GlobalJobId = "submit-5.chtc.wisc.edu#53197106.0#1510268096"
ProvisionedResources = "Cpus Memory Disk Swap GPUs"
ExecutableSize = 1
LeaveJobInQueue = false
In = "/dev/null"
NumShadowStarts = 1
TransferInput = "test.py"
Arguments = ""
CanUseLinux6 = true
RemotePool = "glidein2.chtc.wisc.edu"
JobLeaseDuration = 2400
CumulativeRemoteUserCpu = 0.0
MachineAttrCpus0 = 1
CanUseLinux7 = false
RemoteWallClockTime = 0.0
ImageSize_RAW = 1
NiceUser = false
WantCheckpoint = false
MachineAttrSlotWeight0 = 1
NumJobCompletions = 0
CurrentHosts = 1
IsCHTCSubmit = true
LocalSysCpu = 0.0
PublicClaimId = "<10.138.41.17:44647>#1510267280#7#..."
ProcId = 0
RequestDisk = 4194304
StartdIpAddr = "<10.138.41.17:44647?CCBID=128.104.100.30:9636%3faddrs%3d128.104.100.30-9636#5334123&addrs=10.138.41.17-44647+[--1]-44647&noUDP>"
JobStartDate = 1510268130
Cmd = "/home/ckoch5/tests/osg_gpus/job-wrapper.sh"
LastJobLeaseRenewal = 1510268130
NumJobMatches = 1
RemoteSysCpu = 0.0
OrigCmd = "/home/ckoch5/tests/osg_gpus/job-wrapper.sh"
CondorPlatform = "$CondorPlatform: x86_64_RedHat6 $"
Environment = ""
PeriodicHold = false
MyAddress = "<128.104.101.92:9618?addrs=128.104.101.92-9618+[2607-f388-107c-501-a036-9fff-fe3c-caa8]-9618&noUDP&sock=217447_d523_195761>"
BufferSize = 524288
MaxHosts = 1
WinVer = 601
FileSystemDomain = "submit-5.chtc.wisc.edu"
NumJobStarts = 0
RequestGpus = 1
LastSuspensionTime = 0
RootDir = "/"
JobStatus = 2
DiskProvisioned = 36457553
SingularityImage = "/cvmfs/singularity.opensciencegrid.org/opensciencegrid/tensorflow-gpu:latest"
ClusterId = 53197106
StartdPrincipal = "execute-side@matchsession/129.93.227.92"
WantGlidein = true
TargetType = "Machine"
NumSystemHolds = 0
JobNotification = 0
JobUniverse = 5
ProjectName = "GLOW"
LocalUserCpu = 0.0
ExecutableSize_RAW = 1
TransferIn = false

HAS_TCSH = true
OpSysAndVer = "\"CentOS7\""
JobRankPreemptions = 0
OSglibc_micro = 0
slot1_1_JobStarts = 0
CanHibernate = false
UtsnameNodename = "c4117.crane.hcc.unl.edu"
HAS_ZIP = true
PREEMPT = ( ( ( false ) || ( false ) || ( false ) || ( false ) ) || ( ( false ) || ( false ) || ( false ) || ( false ) || ( SiteWMS_WN_Preempt =?= true ) ) )
DetectedCpus = 8
HOLD_GRACE_TIME = 0
RecentJobStarts = 0
CUDAComputeUnits = 56
GLIDEIN_Name = "gfactory_instance"
CpuBusy = ( ( LoadAvg - CondorLoadAvg ) >= 0.5 )
ClientMachine = "submit-5.chtc.wisc.edu"
GLIDECLIENT_Group = "glowGPU"
OSGVO_OS_STRING = "RHEL 7"
CVMFS_spt_opensciencegrid_org_REVISION = 32
MonitorSelfImageSize = 109564
OSGVO_CMSSW_Path = "/cvmfs/oasis.opensciencegrid.org/cmssoft/cms/"
JobPreemptions = 0
ParentSlotId = 1
WGET_PATH = "/bin/wget"
CVMFS_stash_osgstorage_org_REVISION = 7829
EnteredCurrentState = 1510268133
JobUniverse = 5
OpSys = "LINUX"
Activity = "Idle"
ExpectedMachineGracefulDrainingBadput = 0
CLAIM_WORKLIFE = ifThenElse(DynamicSlot =?= true,3600,-1)
GLIDEIN_Job_Max_Time = 34800
PrivateNetworkName = "c4117.crane.hcc.unl.edu"
CpuModelNumber = 79
STARTD_JOB_ATTRS = ",x509userproxysubject,x509UserProxyFQAN,x509UserProxyVOName,x509UserProxyEmail,x509UserProxyExpiration,x509userproxysubject,x509UserProxyFQAN,x509UserProxyVOName,x509UserProxyEmail,x509UserProxyExpiration"
WakeOnLanSupportedFlags = "NONE"
OpSysShortName = "\"CentOS\""
GLIDEIN_Glexec_Use = "NEVER"
HAS_NUMPY = true
NumPids = 0
WakeOnLanEnabledFlags = "NONE"
HibernationLevel = 0
MonitorSelfResidentSetSize = 9328
CheckpointPlatform = "LINUX X86_64 2.6.x normal N/A avx avx2 ssse3 sse4_1 sse4_2"
ClockMin = 1015
ImageSize = 1
JOB_INHERITS_STARTER_ENVIRONMENT = true
GLIDEIN_ProcId = 0
MonitorSelfAge = 721
HAS_CVMFS_cms_cern_ch = true
MJF_LastUpdate = 1510268121
MJF_LAST_END = 1510268121
CVMFS_ams_cern_ch_REVISION = 681
OpSysMajorVer = 7
GLIDEIN_ToRetire = 1510315928
GLIDEIN_SEs = "srm.unl.edu"
TotalSlotGPUs = 1
TotalSlots = 2
GLIDEIN_CredentialIdentifier = "745540"
OSG_SINGULARITY_VERSION = "2.2.99"
RunBenchmarks = ( LastBenchmark == 0 ) || ( ( CurrentTime - LastBenchmark ) >= ( 4 * ( 60 * 60 ) ) )
CVMFS_veritas_opensciencegrid_org_REVISION = 8
PERIODIC_CHECKPOINT = ( ( time() - LastPeriodicCheckpoint ) / 60.0 ) > ( 180.0 + -15 )
IsWakeAble = false
LSB_DISTRIBUTOR_ID = "Scientific"
Unhibernate = MY.MachineLastMatchTime =!= undefined
TotalGPUs = 1
Mips = 15259
HasFileTransfer = true
MonitorSelfCPUUsage = 0.01666122850785676
CondorLoadAvg = 0.0
LastUpdate = 1510267305
GLIDECLIENT_ReqNode = "glidein.grid.iu.edu"
PYTHON_VERSION = "2.7.5"
HasMPI = true
OpSysName = "\"CentOS\""
HibernationState = "NONE"
RetirementTimeRemaining = 0
OSG_NODE_VALIDATED = true
RecentJobPreemptions = 0
GLIDEIN_Expose_Grid_Env = "True"
Rank = ( 1 ) + ( 1 ) + ( 1 ) + ( 1 )
TotalLoadAvg = 0.01
HAS_TIMEOUT = true
MASTER_GCB_RECONNECT_TIMEOUT = 1200
CondorPlatform = "$CondorPlatform: x86_64_RedHat6 $"
GLIDEIN_ToDie = 1510350728
Disk = 7291511
GLIDEIN_REQUIRE_VOMS = false
http_proxy = "proxy.pki.hcc.unl.edu:3128"
WANT_VACATE = true
GLIDEIN_Site = "Omaha"
ExpectedMachineGracefulDrainingCompletion = 1510267280
HAS_FILE_usr_lib64_libXm_so_4 = false
OpSysLongName = "\"Singularity Container - CentOS 7\""
MJF_LAST = "/scratch/glide_aHj5N4/main/mjf_setparams.sh"
TotalVirtualMachines = 2
MyType = "Machine"
Machine = "c4117.crane.hcc.unl.edu"
MJF_JOB_WALL_LIMIT_SECS = "Unknown"
OSGVO_CPU_MODEL = "Intel(R) Xeon(R) CPU E5-2620 v4 @ 2.10GHz"
MJF_JOB_MAX_RSS_BYTES = "Unknown"
DetectedGPUs = 1
HAS_FILE_usr_lib64_libXmu_so_6 = true
GLIDECLIENT_Group_Signature = "5fca8e9467dbafd0fc38f4b5ee05f65781dcad21"
GLIDEIN_Req_MUPJ_gLExec = "False"
HAS_SQUID = true
GLIDEIN_Entry_Signature = "b19c2dc633b6819043c9c58172b2ca12801c6e84"
HAS_FILE_usr_lib64_libglib_2_0_so = true
PublicClaimId = "<10.138.41.17:44647>#1510267280#7#..."
HAS_FILE_usr_lib64_atlas_liblapack_so_3 = false
GLIDEIN_PARENT_PID = 28097
MJF_JOB_SHUTDOWNTIME_JOB = "Unknown"
SlotWeight = Cpus
GLIDEIN_Monitoring_Enabled = false
TimeToLive = 2147483647
MJF_JOB_SCRATCH_LIMIT_BYTES = "Unknown"
SUSPEND_VANILLA = false
SlotType = "Dynamic"
HAS_CVMFS_xenon_opensciencegrid_org = true
CurrentRank = 4.0
MonitorSelfTime = 1510268000
MJF_JOB_ALLOCATED_CPU = "Unknown"
GLIDEIN_ResourceName = "Crane"
GLIDEIN_REQUIRED_OS = "rhel6"
HasSingularity = true
OSKernelRelease = "2.6.32-696.10.3.el6.x86_64"
RemoteNegotiatingGroup = "<none>"
SLOTS_LAYOUT = "partitionable"
MJF_JOB_GRACE_SECS_JOB = "Unknown"
FileSystemDomain = "c4117"
StartdIpAddr = "<10.138.41.17:44647?CCBID=128.104.100.30:9636%3faddrs%3d128.104.100.30-9636#5334123&PrivNet=c4117.crane.hcc.unl.edu&addrs=10.138.41.17-44647+[--1]-44647&noUDP>"
OSG_SINGULARITY_EL7_PERCENT = 100
HasJICLocalConfig = true
HAS_FILE_usr_lib64_libicuuc_so_42 = false
CVMFS_icecube_opensciencegrid_org_REVISION = 412
GLIDEIN_Country = "US"
HAS_FILE_usr_lib64_libXt_so_6 = true
CUDAClockMhz = 1328.5
GLIDEIN_REQUIRE_GLEXEC_USE = false
HAS_CVMFS_atlas_cern_ch = true
GLIDEIN_Graceful_Shutdown = 120
CpuCacheSize = 20480
MJF_JOB_JOBSTART_SECS = "Unknown"
GLIDEIN_MaxMemMBs = 8000
GLIDEIN_X509_GRIDMAP_DNS = "/DC=org/DC=opensciencegrid/O=Open Science Grid/OU=Services/CN=glidein/glidein2.chtc.wisc.edu,/DC=org/DC=opensciencegrid/O=Open Science Grid/OU=Services/CN=pilot/glidein2.chtc.wisc.edu"
Cpus = 1
slot1_TotalTimeUnclaimedIdle = 828
slot1_ExpectedMachineGracefulDrainingCompletion = 1510267280
GLIDECLIENT_Name = "chtc2.glowGPU"
SiteWMS_WN_Draining = false
COLLECTOR_HOST_STRING = "glidein2.chtc.wisc.edu:9636,crane-gw1.unl.edu:9619"
ClockDay = 4
GLIDECLIENT_Signature = "4cc36bee1f24f97d9b0d9232a9f892554a85112d"
HAS_FILE_usr_lib64_libgtk_x11_2_0_so_0 = true
KILL = ( CurrentTime - EnteredCurrentActivity > 300 )
GLIDEIN_Description_File = "description.hb6d0T.cfg"
R_VERSION = "R version 3.4.1 (2017-06-30) -- Single Candle"
NV_DRIVER = 375.66
HAS_SCP = true
OSGVO_CMSSW_Revision = "1201 - /cvmfs/oasis.opensciencegrid.org/cmssoft/cms//etc/cms-common/revision"
Requirements = ( START ) && ( IsValidCheckpointPlatform ) && ( WithinResourceLimits )
GLEXEC_JOB = false
HasJobDeferral = true
NiceUser = false
MJF_MACHINE_GRACE_SECS = "Unknown"
CpuBusyTime = 0
IsLocalStartd = false
HAS_FILE_usr_lib64_libgslcblas_so_0 = true
slot1_1_Activity = "Idle"
HAS_CVMFS_oasis_opensciencegrid_org = true
GLIDEIN_Max_Idle = 1200
OSGVO_OS_KERNEL = "2.6.32-696.10.3.el6.x86_64"
RecentDaemonCoreDutyCycle = 0.0006922202050080317
WANT_HOLD = ( ( false ) || ( false ) || ( false ) || ( false ) )
NextFetchWorkDelay = -1
GCB_ORDER = "NONE"
HasPerFileEncryption = true
MJF_JOB_CPU_LIMIT_SECS = "Unknown"
slot1_State = "Unclaimed"
IsWakeOnLanSupported = false
HasTDP = true
GLIDEIN_COLLECTOR_NAME = "glidein2.chtc.wisc.edu:9636"
UtsnameRelease = "2.6.32-696.10.3.el6.x86_64"
GLIDEIN_SiteWMS_Queue = "Unknown"
OSGVO_OS_VERSION = "7"
has_avx = true
HAS_SINGULARITY = true
LSB_DESCRIPTION = "Scientific Linux release 6.9 (Carbon)"
LastFetchWorkCompleted = 0
MachineMaxVacateTime = 10 * 60
slot1_1_State = "Claimed"
WANT_SUSPEND = false
HAS_FILE_usr_lib64_libXdmcp_so_6 = false
CVMFS_singularity_opensciencegrid_org_REVISION = 18416
UtsnameVersion = "#1 SMP Tue Sep 26 15:28:41 CDT 2017"
HibernationSupportedStates = ""
LSB_RELEASE = "6.9"
MJF_JOB_JOB_ID = "Unknown"
CVMFS_oasis_opensciencegrid_org_TIMESTAMP = 1509563791
TotalVirtualMemory = 65798372
AddressV1 = "{[ p=\"primary\"; a=\"10.138.41.17\"; port=44647; n=\"Internet\"; noUDP=true; ], [ p=\"IPv4\"; a=\"10.138.41.17\"; port=44647; n=\"c4117.crane.hcc.unl.edu\"; noUDP=true; ], [ p=\"IPv6\"; a=\"::1\"; port=44647; n=\"c4117.crane.hcc.unl.edu\"; noUDP=true; ], [ p=\"primary\"; a=\"128.104.100.30\"; port=9636; n=\"Internet\"; ccbid=\"5334123\"; noUDP=true; brokerIndex=0; ], [ p=\"IPv4\"; a=\"128.104.100.30\"; port=9636; n=\"Internet\"; ccbid=\"5334123\"; noUDP=true; brokerIndex=0; ], [ p=\"IPv4\"; a=\"10.138.41.17\"; port=44647; n=\"Internet\"; noUDP=true; ], [ p=\"IPv6\"; a=\"::1\"; port=44647; n=\"Internet\"; noUDP=true; ]}"
HAS_JAVA = true
State = "Claimed"
ExpectedMachineQuickDrainingBadput = 0
CUDAECCEnabled = false
SubnetMask = "255.255.0.0"
SlotTypeID = -1
CONTINUE = true
START = ( ( true && ( SiteWMS_WN_Draining =?= false ) ) && ( true ) ) && ( ( true ) && ( true ) && ( ( ( DESIRED_Sites =?= undefined || stringListMember(GLIDEIN_Site,DESIRED_Sites,",") ) && ( GLIDEIN_Site =!= "CancerComputer" || TARGET.ProjectName =?= "MedPhysics_Fain" ) && ( TARGET.WantGlidein =?= true ) && ( isUndefined(TARGET.estimated_run_hours) || TARGET.estimated_run_hours * 3600 <= GLIDEIN_ToDie - CurrentTime ) ) && TARGET.RequiresCVMFS =!= true ) && ( TARGET.Requestgpus >= 1 ) ) && ( ( ( GLIDEIN_ToRetire =?= undefined ) || ( CurrentTime < GLIDEIN_ToRetire ) ) )
MJF_OK = true
MATLAB_COMPATIBLE = HAS_MODULES && HAS_FILE_usr_lib64_libXt_so_6
UidDomain = "c4117"
IS_GLIDEIN = true
RemoteOwner = "ckoch5@chtc.wisc.edu"
GLIDEIN_SiteWMS_Slot = "Unknown"
GLIDEIN_Max_Walltime = 84600
WANT_SUSPEND_VANILLA = false
HAS_FILE_usr_lib64_atlas_libptf77blas_so_3 = false
slot1_Activity = "Idle"
SiteWMS_WN_Preempt = false
HAS_CVMFS_stash_osgstorage_org = true
JobUserPrioPreemptions = 0
CondorVersion = "$CondorVersion: 8.6.5 Aug 01 2017 BuildID: 411560 $"
MachineResources = "Cpus Memory Disk Swap GPUs"
Arch = "X86_64"
OpSysLegacy = "LINUX"
TotalSlotDisk = 7291511.0
IsValidCheckpointPlatform = ( TARGET.JobUniverse =!= 1 || ( ( MY.CheckpointPlatform =!= undefined ) && ( ( TARGET.LastCheckpointPlatform =?= MY.CheckpointPlatform ) || ( TARGET.NumCkpts == 0 ) ) ) )
HAS_XRDCP = true
PslotRollupInformation = true
RemoteUser = "ckoch5@chtc.wisc.edu"
has_ssse3 = true
UtsnameMachine = "x86_64"
LastFetchWorkSpawned = 0
OSglibc_minor = 12
HardwareAddress = "ac:1f:6b:00:7c:08"
HAS_CVMFS_ams_cern_ch = true
HasVM = false
TotalMemory = 8000
IsOwner = false
slot1_1_ExpectedMachineGracefulDrainingCompletion = 1510267280
Site_Req_Explicit_Auth = "False"
HasReconnect = true
TotalDisk = 3645755272
GLIDEIN_CMSSite = "T3_US_OSG"
SUSPEND = false
TotalSlotMemory = 2048
HAS_FILE_usr_lib64_atlas_libatlas_so_3 = false
GLIDEIN_GridType = "condor"
MJF_MACHINE_SHUTDOWNTIME = "Unknown"
GLIDEIN_Entry_Name = "HCC_US_Omaha_crane_gpu"
slot1_JobStarts = 0
GLIDEIN_SiteWMS = "SLURM"
DaemonCoreDutyCycle = 0.0006922202050080317
IS_MONITOR_VM = false
OSG_SINGULARITY_IMAGE_DEFAULT = "/cvmfs/singularity.opensciencegrid.org/opensciencegrid/osgvo-el7:latest"
HAS_CVMFS_icecube_opensciencegrid_org = true
KFlops = 1435216
CVMFS_xenon_opensciencegrid_org_REVISION = 918
CVMFS_cms_cern_ch_REVISION = 43987
LoadAvg = 0.0
GPUs = 1
RecentJobRankPreemptions = 0
HAS_FILE_usr_lib64_libgfortran_so_3 = true
USE_CCB = "True"
WithinResourceLimits = ( ifThenElse(TARGET._condor_RequestCpus =!= undefined,MY.Cpus > 0 && TARGET._condor_RequestCpus <= MY.Cpus,ifThenElse(TARGET.RequestCpus =!= undefined,MY.Cpus > 0 && TARGET.RequestCpus <= MY.Cpus,1 <= MY.Cpus)) && ifThenElse(TARGET._condor_RequestMemory =!= undefined,MY.Memory > 0 && TARGET._condor_RequestMemory <= MY.Memory,ifThenElse(TARGET.RequestMemory =!= undefined,MY.Memory > 0 && TARGET.RequestMemory <= MY.Memory,false)) && ifThenElse(TARGET._condor_RequestDisk =!= undefined,MY.Disk > 0 && TARGET._condor_RequestDisk <= MY.Disk,ifThenElse(TARGET.RequestDisk =!= undefined,MY.Disk > 0 && TARGET.RequestDisk <= MY.Disk,false)) && ( TARGET.RequestGPUs =?= undefined || MY.GPUs >= ifThenElse(TARGET._condor_RequestGPUs =?= undefined,TARGET.RequestGPUs,TARGET._condor_RequestGPUs) ) )
CpuFamily = 6
HAS_MODULES = false
GLIDEIN_Description_Entry_File = "description.hb6d0T.cfg"
has_sse4_1 = true
HAS_FILE_lib64_libgcc_s_so_1 = true
ExecutableSize = 1
GLIDEIN_PS_LAST_END = 1510268003
CUDACapability = 6.0
has_sse4_2 = true
GLEXEC_STARTER = false
CUDARuntimeVersion = 6.0
OpSysVer = 700
KeyboardIdle = 3211292
HAS_FILE_lib64_libglib_2_0_so_0 = true
LastBenchmark = 1510267305
OSGVO_OS_NAME = "RHEL"
HAS_CVMFS_veritas_opensciencegrid_org = true
MyAddress = "<10.138.41.17:44647?CCBID=128.104.100.30:9636%3faddrs%3d128.104.100.30-9636#5334123&PrivNet=c4117.crane.hcc.unl.edu&addrs=10.138.41.17-44647+[--1]-44647&noUDP>"
SQUID_VERIFIED = true
MaxJobRetirementTime = ifthenelse(( ( ( false ) || ( false ) || ( false ) || ( false ) ) ) =!= true,ifthenelse(( SiteWMS_WN_Preempt =?= true ),1200,10000000),0)
GUC_VERIFIED = false
StarterAbilityList = "HasTDP,HasFileTransferPluginMethods,HasJobDeferral,HasJICLocalConfig,HasJICLocalStdin,HasSingularity,HasPerFileEncryption,HasFileTransfer,HasReconnect,HasVM,HasMPI"
Memory = 2048
VirtualMachineID = 1
HAS_FILE_usr_lib64_libstdc___so_6 = true
MyCurrentTime = 1510268133
OSG_SINGULARITY_PATH = "/usr/bin/singularity"
MJF_JOB_HS06_JOB = "Unknown"
GLIDEIN_Resource_Slots = GPUs
OSglibc_major = 2
GLIDEIN_Signature = "a564d2ee03e563e8fd37f7270b5846b3746094da"
GLIDEIN_PS_LAST = "/scratch/glide_aHj5N4/client/osgvo-node-advertise"
MonitorSelfRegisteredSocketCount = 2
GLIDEIN_Factory = "OSGGOC"
GLIDEIN_SiteWMS_JobId = "10498105"
UtsnameSysname = "Linux"
GLIDEIN_SE_VONAME_LOWERCASE = "srm://srm.unl.edu:8443/srm/v2/server?SFN=/mnt/hadoop/user/"
CUDADeviceName = "Tesla P100-PCIE-12GB"
HAS_R = true
HAS_FILE_usr_lib64_libgmp_so_3 = false
ConsoleIdle = 3211292
GLIDEIN_Tmp_Dir = "/scratch/glide_aHj5N4/tmp"
HAS_BLAST = false
IsWakeOnLanEnabled = false
DynamicSlot = true
CUDACoresPerCU = 192
HAS_CVMFS_spt_opensciencegrid_org = true
CVMFS_oasis_opensciencegrid_org_REVISION = 8214
TotalSlotCpus = 1
JobStarts = 0
HAS_CVMFS_singularity_opensciencegrid_org = true
HAS_CVMFS_snoplus_egi_eu = true
GLIDEIN_GPUS = 1
MJF_MACHINE_HS06 = "Unknown"
TotalCpus = 4.0
OSIssue = "Scientific Linux release 6.9 (Carbon)"
MJF_MACHINE_TOTAL_CPU = "Unknown"
GLIDEIN_Max_Tail = 400
HAS_FILE_usr_lib64_libtk8_5_so = true
RemoteAutoregroup = false
TotalCondorLoadAvg = 0.0
DetectedMemory = 64256
PREEMPT_GRACE_TIME = ifthenelse(( SiteWMS_WN_Preempt =?= true ),1200,10000000)
CpuIsBusy = false
CVMFS_nexo_opensciencegrid_org_REVISION = 12
GLIDEIN_PS_OK = true
GLIDEIN_Schedd = "schedd_glideins6@glidein.grid.iu.edu"
EnteredCurrentActivity = 1510268133
HasIOProxy = true
CVMFS_atlas_cern_ch_REVISION = 29468
Name = "slot1_1@glidein_10729_597627072@c4117.crane.hcc.unl.edu"
HAS_MONITOR_VM = true
VirtualMemory = 65798372
CVMFS_snoplus_egi_eu_REVISION = 82
CUDAGlobalMemoryMb = 12194
TargetType = "Job"
HAS_CVMFS_nexo_opensciencegrid_org = true
GSI_DELEGATION_KEYBITS = 1024
CUDADriverVersion = 8.0
MJF_JOB_MAX_SWAP_BYTES = "Unknown"
GLIDEIN_MASTER_NAME = "glidein_10729_597627072@c4117.crane.hcc.unl.edu"
MonitorSelfSecuritySessions = 8
has_avx2 = true
HasFileTransferPluginMethods = "file,ftp,http,data"
HAS_FILE_usr_lib64_libgsl_so_0 = true
GLIDEIN_ClusterId = 5150209
HasJICLocalStdin = true
GLIDEIN_Gatekeeper = "crane-gw1.unl.edu crane-gw1.unl.edu:9619"
FactoryType = "production"
GUC_PATH = "/bin/globus-url-copy"
SlotID = 1
USES_MONITOR_STARTD = true
RecentJobUserPrioPreemptions = 0
ExpectedMachineQuickDrainingCompletion = 1510267280

Failed to initialize NVML: Function Not Found
