
e019.chtc.wisc.edu

/srv

LastJobStatus = 1
WantRemoteIO = true
MyAddress = "<128.104.101.92:9618?addrs=128.104.101.92-9618+[2607-f388-107c-501-a036-9fff-fe3c-caa8]-9618&noUDP&sock=217447_d523_198821>"
RemoteUserCpu = 0.0
RequestMemory = 2048
StreamOut = false
Arguments = ""
TotalSubmitProcs = 1
ImageSize_RAW = 1
RemoteWallClockTime = 0.0
ExecutableSize_RAW = 1
Iwd = "/var/lib/condor/execute/slot1/dir_46305"
DiskUsage_RAW = 4
BufferBlockSize = 32768
NumCkpts = 0
FileSystemDomain = "submit-5.chtc.wisc.edu"
OrigMaxHosts = 1
RequestDisk = 4194304
OnExitRemove = true
NumRestarts = 0
ExitBySignal = false
JobStartDate = 1510272010
WinVer = 601
LocalUserCpu = 0.0
CumulativeSlotTime = 0
CommittedSlotTime = 0
DiskUsage = 4
ShouldTransferFiles = "IF_NEEDED"
RemoteHost = "slot1_2@e019.chtc.wisc.edu"
NumCkpts_RAW = 0
PeriodicRelease = false
NumShadowStarts = 1
TransferInput = "test.py"
NiceUser = false
WantCheckpoint = false
TotalSuspensions = 0
RemoteSysCpu = 0.0
Cmd = "/home/ckoch5/tests/osg_gpus/job-cpu.sh"
LastJobLeaseRenewal = 1510272010
NumJobMatches = 1
LastSuspensionTime = 0
RootDir = "/"
StartdIpAddr = "<128.104.100.62:9618?addrs=128.104.100.62-9618+[2607-f388-107c-501-62eb-69ff-fe82-4844]-9618&noUDP&sock=14717_3763_13>"
CurrentHosts = 1
IsCHTCSubmit = true
OrigIwd = "/home/ckoch5/tests/osg_gpus"
CumulativeRemoteSysCpu = 0.0
ExitStatus = 0
TransferIn = false
CommittedTime = 0
RemoteSlotID = 1
MemoryProvisioned = 2048
Owner = "ckoch5"
NumSystemHolds = 0
JobNotification = 0
TargetType = "Machine"
StartdPrincipal = "execute-side@matchsession/128.104.100.62"
StreamErr = false
CpusProvisioned = 1
UidDomain = "chtc.wisc.edu"
LastMatchTime = 1510272010
MachineAttrSlotWeight0 = 1
NumJobCompletions = 0
GlobalJobId = "submit-5.chtc.wisc.edu#53197103.0#1510267912"
ProvisionedResources = "Cpus Memory Disk Swap IoHeavy"
JobStatus = 2
DiskProvisioned = 9730763
SingularityImage = "/cvmfs/singularity.opensciencegrid.org/opensciencegrid/tensorflow:latest"
ClusterId = 53197103
ShadowBday = 1510272010
Requirements = (TARGET.PoolName == "CHTC") && ((Target.OpSysMajorVer == 6) || (Target.OpSysMajorVer == 7)) && (OpSysName =!= "Debian") && (HAS_SINGULARITY == true) && (TARGET.Arch == "X86_64") && (TARGET.OpSys == "LINUX") && (TARGET.Disk >= RequestDisk) && (TARGET.Memory >= RequestMemory) && ((TARGET.HasFileTransfer) || (TARGET.FileSystemDomain == MY.FileSystemDomain))
ExecutableSize = 1
LeaveJobInQueue = false
In = "/dev/null"
ProjectName = "GLOW"
AutoClusterId = 3614
JobUniverse = 5
RequestCpus = 1
AutoClusterAttrs = "JobUniverse,LastCheckpointPlatform,NumCkpts,ImageSize,MemoryRequirements,User,RemoteGroup,SubmitterGroup,SubmitterUserPrio,ConcurrencyLimits,NiceUser,Rank,Requirements,_condor_RequestCpus,_condor_RequestDisk,_condor_Requestmd5,_condor_RequestMemory,_condor_Requestscratch,_condor_Requestshm,_condor_Requestsingle,IsCHTCSubmit,RequestCpus,RequestDisk,Requestmd5,RequestMemory,Requestscratch,Requestshm,Requestsingle,WantJobRouter,MachineLastMatchTime,FloForwardStream,FloNRT,OWNER,DESIRED_Sites,is_itb,estimated_run_hours,ProjectName,RequestGpus,RequiresCVMFS,WantGlidein,CheckpointPlatform,WithinResourceLimits,DynamicSlot,Slot1_SelfMonitorAge,Slot1_TotalTimeClaimedBusy,PartitionableSlot,Group,Slot1_TotalTimeUnclaimedIdle,HAS_CVMFS_singularity_opensciencegrid_org,_condor_RequestGPUs,HAS_CVMFS_stash_osgstorage_org,is_icecube_job,BIOCHEM,ClientMachine,OriginSchedd,GlideinFactory,WantElVer,AccountingGroup,is_resumable,WantFlocking,_condor_RequestIoHeavy,RequestIoHeavy,Scheduler,IsResumable,WHEN_TO_TRANSFER_OUTPUT,IsBuildJob,IsMatlabBuildJob,IsExpressQueueJob,DiskUsage,HEP_VO,IsDesktop,OSG_VO,x509UserProxyVOName,PassedTest,IsLocalCMSJob,IsLocalCMSSlot,MaxDiskTempC,IsDedicated,IsSAMJob,JobStart,WIDsTheme,InteractiveJob,EXECUTE_IS_READONLY,ROOT_PART_GT_85_PERCENT,TotalJobRunTime,HAS_CVMFS_oasis_opensciencegrid_org,HAS_FILE_usr_lib64_libXt_so_6,HAS_MODULES,FileSystemDomain"
NumJobStarts = 0
ShadowVersion = "$CondorVersion: 8.7.5 Oct 30 2017 BuildID: 422923 $"
ShadowIpAddr = "<128.104.101.92:9618?addrs=128.104.101.92-9618+[2607-f388-107c-501-a036-9fff-fe3c-caa8]-9618&noUDP&sock=217447_d523_198821>"
JobCurrentStartDate = 1510272010
UserLog = "/home/ckoch5/tests/osg_gpus/local.53197103.0.log"
EnteredCurrentStatus = 1510272010
LocalSysCpu = 0.0
PublicClaimId = "<128.104.100.62:9618>#1510256175#30#..."
ProcId = 0
ImageSize = 1
QDate = 1510267912
JOBGLIDEIN_ResourceName = "Local Job"
Err = "_condor_stderr"
LastRejMatchReason = "no match found"
JobRunCount = 1
WhenToTransferOutput = "ON_EXIT"
PeriodicRemove = false
OrigCmd = "/home/ckoch5/tests/osg_gpus/job-cpu.sh"
CondorPlatform = "$CondorPlatform: x86_64_RedHat6 $"
Environment = ""
PeriodicHold = false
TransferInputSizeMB = 0
MinHosts = 1
CumulativeSuspensionTime = 0
Rank = 0.0
CommittedSuspensionTime = 0
JobPrio = 0
MyType = "Job"
CompletionDate = 0
WantRemoteSyscalls = false
Out = "_condor_stdout"
CoreSize = 0
OnExitHold = (ExitBySignal == true) || (ExitCode != 0)
TransferSocket = "<128.104.101.92:9618?addrs=128.104.101.92-9618+[2607-f388-107c-501-a036-9fff-fe3c-caa8]-9618&noUDP&sock=217447_d523_198821>"
EncryptExecuteDirectory = false
User = "ckoch5@chtc.wisc.edu"
JobLeaseDuration = 2400
CumulativeRemoteUserCpu = 0.0
MachineAttrCpus0 = 1
CanUseLinux7 = false
CanUseLinux6 = true
CondorVersion = "$CondorVersion: 8.7.5 Oct 30 2017 BuildID: 422923 $"
LastRejMatchTime = 1510272005
IoheavyProvisioned = 1
BufferSize = 524288
MaxHosts = 1

OASIS_CVMFS_Exists = true
UWCMS_CVMFS_Revision = 5093
TotalLoadAvg = 7.59
UWCMS_CVMFS_CacheUsedKB = 2485030
UtsnameRelease = "3.10.0-693.5.2.el7.centos.plus.x86_64"
CMS_CVMFS_Revision = 43989
OSG_micro = 29
CMS_CVMFS_LastUpdate = 1510271783
OSglibc_minor = 17
WANT_HOLD = (TotalJobRunTime > (72 * 3600) && Target.Is_Resumable =!= true)
CurrentRank = 0.0
RetirementTimeRemaining = 0
Requirements = (START) && (IsValidCheckpointPlatform) && (WithinResourceLimits)
DaemonCoreDutyCycle = 0.002939917332940745
State = "Claimed"
TimeToLive = 2147483647
ExpectedMachineQuickDrainingBadput = 79682
UidDomain = "chtc.wisc.edu"
IsWakeOnLanSupported = false
HardwareAddress = "60:eb:69:82:48:44"
TotalSlotCpus = 1
HibernationState = "NONE"
CondorLoadAvg = 0.0
RecentJobStarts = 6
DetectedCpus = 12
StarterAbilityList = "HasJobDeferral,HasVM,HasTransferInputRemaps,HasFileTransfer,HasMPI,HasJICLocalConfig,HasPerFileEncryption,HasFileTransferPluginMethods,HasSingularity,HasTDP,HasJICLocalStdin,HasJava,HasReconnect,HasDocker,HasRemoteSyscalls,HasCheckpointing"
HasRemoteSyscalls = true
OSglibc_major = 2
OpSysMajorVer = 7
HasDocker = true
HasTDP = true
JavaMFlops = 795.786743
CanHibernate = true
PERIODIC_CHECKPOINT = (time() - LastPeriodicCheckpoint) > (1 * 3600 + 40 * 60)
HAS_SINGULARITY = true
HasReconnect = true
RecentJobRankPreemptions = 0
LastFetchWorkSpawned = 0
SUSPEND = (SuspendedByAdmin =?= true)
HasGluster = false
RunBenchmarks = LastBenchmark == 0
ClockDay = 4
EXECUTE_IS_READONLY = false
JavaSpecificationVersion = "1.8"
HasHT = false
NextFetchWorkDelay = -1
JavaVersion = "1.8.0_151"
KFlops = 1560067
HasFileTransferPluginMethods = "file,ftp,http,data,https"
EnteredCurrentActivity = 1510272013
HasPerFileEncryption = true
HasTransferInputRemaps = true
WithinResourceLimits = (ifThenElse(TARGET._condor_RequestCpus =!= undefined,MY.Cpus > 0 && TARGET._condor_RequestCpus <= MY.Cpus,ifThenElse(TARGET.RequestCpus =!= undefined,MY.Cpus > 0 && TARGET.RequestCpus <= MY.Cpus,1 <= MY.Cpus)) && ifThenElse(TARGET._condor_RequestMemory =!= undefined,MY.Memory > 0 && TARGET._condor_RequestMemory <= MY.Memory,ifThenElse(TARGET.RequestMemory =!= undefined,MY.Memory > 0 && TARGET.RequestMemory <= MY.Memory,false)) && ifThenElse(TARGET._condor_RequestDisk =!= undefined,MY.Disk > 0 && TARGET._condor_RequestDisk <= MY.Disk,ifThenElse(TARGET.RequestDisk =!= undefined,MY.Disk > 0 && TARGET.RequestDisk <= MY.Disk,false)) && (TARGET.RequestIoHeavy =?= undefined || MY.IoHeavy >= ifThenElse(TARGET._condor_RequestIoHeavy =?= undefined,TARGET.RequestIoHeavy,TARGET._condor_RequestIoHeavy)))
HibernationSupportedStates = "S4"
TargetType = "Job"
Activity = "Idle"
RecentDaemonCoreDutyCycle = 0.002159157069605455
WANT_HOLD_REASON = "Job failed to complete in 72 hrs"
COUNT_HYPERTHREAD_CPUS = true
Mips = 14635
IsWakeOnLanEnabled = false
IsOwner = (SuspendedByAdmin =!= true) == false
RecentJobUserPrioPreemptions = 0
SlotTypeID = -1
LastFetchWorkCompleted = 0
Disk = 4858816
OSRedHatRelease = "CentOS Linux release 7.4.1708 (Core) "
OSKernelRelease = "3.10.0-693.5.2.el7.centos.plus.x86_64"
OpSysVer = 704
UWCMS_CVMFS_Exists = true
CMS_CVMFS_CacheSizeKB = 4554752
TotalMemory = 27900
CLAIM_WORKLIFE = 12 * 3600
WakeOnLanSupportedFlags = "NONE"
HasAFS_Atlas = false
Rank = 0
Facility = "WID"
IsLocalStartd = false
HasAFS_OSG = false
START = SuspendedByAdmin =!= true && ROOT_PART_GT_85_PERCENT =?= false && EXECUTE_IS_READONLY =?= false
CONTINUE = ((SuspendedByAdmin =?= true) =!= true)
UWCMS_CVMFS_CacheSizeKB = 4554752
SingularityVersion = "2.2.1"
TotalTimeClaimedIdle = 1
OSlibc6 = "libc-2.17.so"
DynamicSlot = true
EnteredCurrentState = 1510272013
ClockMin = 1080
LoadAvg = 0.0
IsWakeAble = false
Name = "slot1_2@e019.chtc.wisc.edu"
MyAddress = "<128.104.100.62:9618?addrs=128.104.100.62-9618+[2607-f388-107c-501-62eb-69ff-fe82-4844]-9618&noUDP&sock=14717_3763_13>"
DiskUsage = 4
OASIS_CVMFS_CacheSizeKB = 4554752
MyCurrentTime = 1510272013
WANT_SUSPEND = (SuspendedByAdmin =?= true)
PREEMPT = TotalJobRunTime > (72 * 3600)
AdjustedRequestMemory = quantize(RequestMemory,{ 128 })
UtsnameSysname = "Linux"
ExpectedMachineGracefulDrainingCompletion = 1510530832
MaxJobRetirementTime = MAX_PREEMPT
KILL = ((ifThenElse(isUndefined(LastPeriodicCheckpoint),ifThenElse(JobStart =!= undefined,(time() - JobStart),0),(time() - LastPeriodicCheckpoint)) > 20 * 60 || (TARGET.JobUniverse == 5))) == false
has_none = true
IsDedicated = true
Unhibernate = MY.MachineLastMatchTime =!= undefined
Site = "WIDMIR"
TotalIoHeavy = 1
ExpectedMachineQuickDrainingCompletion = 1510272614
RequestMemory = 2048
RecentJobPreemptions = 0
HasCheckpointing = true
DockerVersion = "Docker version 1.12.6, build 85d7426/1.12.6"
IoHeavy = 0
LastUpdate = 1510256201
FileSystemDomain = "e019.chtc.wisc.edu"
ExecutableSize = 1
ParentSlotId = 1
StartdIpAddr = "<128.104.100.62:9618?addrs=128.104.100.62-9618+[2607-f388-107c-501-62eb-69ff-fe82-4844]-9618&noUDP&sock=14717_3763_13>"
MyType = "Machine"
CondorPlatform = "$CondorPlatform: x86_64_RedHat7 $"
OASIS_CVMFS_Revision = 8214
ExpectedMachineGracefulDrainingBadput = 1585472
OpSysName = "CentOS"
TotalCondorLoadAvg = 6.99
TotalDisk = 971763008
OSIssue = "\S"
IsValidCheckpointPlatform = (TARGET.JobUniverse =!= 1 || ((MY.CheckpointPlatform =!= undefined) && ((TARGET.LastCheckpointPlatform =?= MY.CheckpointPlatform) || (TARGET.NumCkpts == 0))))
WANT_VACATE = (ifThenElse(isUndefined(LastPeriodicCheckpoint),ifThenElse(JobStart =!= undefined,(time() - JobStart),0),(time() - LastPeriodicCheckpoint)) > 20 * 60 || (TARGET.JobUniverse == 5))
Cpus = 1
OSG_minor = 3
KeyboardIdle = 2030
CheckpointPlatform = "LINUX X86_64 3.10.0-693.5.2.el7.centos.plus.x86_64 normal 0x2aaaaaaab000 none"
UtsnameNodename = "e019.chtc.wisc.edu"
VirtualMemory = 32764716
IsRHEL6 = true
OSG_major = 3
HasVM = false
HAS_CVMFS_oasis_opensciencegrid_org = true
HasJICLocalStdin = true
TotalSlotDisk = 4858816.0
TotalSlotMemory = 2048
JobPreemptions = 0
TotalSlotIoHeavy = 0
TotalSlots = 10
HasBWAHG19 = false
AddressV1 = "{[ p=\"primary\"; a=\"128.104.100.62\"; port=9618; n=\"Internet\"; spid=\"14717_3763_13\"; noUDP=true; ], [ p=\"IPv4\"; a=\"128.104.100.62\"; port=9618; n=\"Internet\"; spid=\"14717_3763_13\"; noUDP=true; ], [ p=\"IPv6\"; a=\"2607:f388:107c:501:62eb:69ff:fe82:4844\"; port=9618; n=\"Internet\"; spid=\"14717_3763_13\"; noUDP=true; ]}"
CMS_CVMFS_Exists = true
HasVirshDefaultNetwork = false
MonitorSelfRegisteredSocketCount = 10
SubnetMask = "255.255.252.0"
UWCMS_CVMFS_LastUpdate = 1510271783
HasFileTransfer = true
Arch = "X86_64"
OpSysAndVer = "CentOS7"
HasCVMFS_Atlas = true
SuspendedByAdmin = false
OpSysShortName = "CentOS"
OpSys = "LINUX"
MachineMaxVacateTime = 10 * 60
OpSysLegacy = "LINUX"
CpuBusy = ((LoadAvg - CondorLoadAvg) >= 0.5)
PslotRollupInformation = true
CMS_CVMFS_CacheUsedKB = 2485030
HasIntel = false
WakeOnLanEnabledFlags = "NONE"
COLLECTOR_HOST_STRING = "cm.chtc.wisc.edu"
MAX_PREEMPT = (3600 * (72 - 68 * (WantGlidein =?= true)))
Memory = 2048
JobStarts = 54
HasIOProxy = true
HasJava = true
OASIS_CVMFS_LastUpdate = 1510271783
HasSingularity = true
SlotType = "Dynamic"
TotalVirtualMemory = 32764716
JobRankPreemptions = 0
MachineResources = "Cpus Memory Disk Swap IoHeavy"
LastBenchmark = 1510256201
HasMPI = true
Machine = "e019.chtc.wisc.edu"
CpuIsBusy = false
HasJICLocalConfig = true
NumPids = 0
CpuModelNumber = 8
CpuFamily = 16
CpuCacheSize = 512
CondorVersion = "$CondorVersion: 8.7.4 Oct 09 2017 BuildID: 419490 $"
UtsnameMachine = "x86_64"
OpSysLongName = "CentOS Linux release 7.4.1708 (Core)"
HasJobDeferral = true
SlotWeight = Cpus
MonitorSelfTime = 1510271782
NiceUser = false
MonitorSelfCPUUsage = 0.225330333391423
ROOT_PART_GT_85_PERCENT = false
PoolName = "CHTC"
OSglibc_micro = 0
MonitorSelfImageSize = 61640
MonitorSelfResidentSetSize = 8796
RELEASE_DATE = ""
JobUniverse = 5
JavaVendor = "Oracle Corporation"
MonitorSelfAge = 15608
UtsnameVersion = "#1 SMP Fri Oct 20 14:50:03 UTC 2017"
MonitorSelfSecuritySessions = 32
JobUserPrioPreemptions = 0
DetectedMemory = 31996
ConsoleIdle = 15833
TotalCpus = 12.0
RemoteUser = "ckoch5@chtc.wisc.edu"
RemoteOwner = "ckoch5@chtc.wisc.edu"
HasBWAMM10 = false
CpuBusyTime = 0
ClientMachine = "submit-5.chtc.wisc.edu"
OASIS_CVMFS_CacheUsedKB = 2485030
HibernationLevel = 0
RemoteNegotiatingGroup = "<none>"
RemoteAutoregroup = false
SlotID = 1
DetectedIoHeavy = 1
ImageSize = 1
PublicClaimId = "<128.104.100.62:9618>#1510256175#30#..."
